0 info it worked if it ends with ok
1 verbose cli [ '/usr/local/bin/node',
1 verbose cli   '/usr/local/bin/npm',
1 verbose cli   'install',
1 verbose cli   '-g',
1 verbose cli   'https://github.com/reecedantin/homebridge-tcp.git' ]
2 info using npm@2.14.7
3 info using node@v4.2.1
4 verbose install initial load of /usr/local/lib/package.json
5 verbose readDependencies loading dependencies from /usr/local/lib/package.json
6 silly cache add args [ 'https://github.com/reecedantin/homebridge-tcp.git', null ]
7 verbose cache add spec https://github.com/reecedantin/homebridge-tcp.git
8 silly cache add parsed spec Result {
8 silly cache add   raw: 'https://github.com/reecedantin/homebridge-tcp.git',
8 silly cache add   scope: null,
8 silly cache add   name: null,
8 silly cache add   rawSpec: 'https://github.com/reecedantin/homebridge-tcp.git',
8 silly cache add   spec: 'git+https://github.com/reecedantin/homebridge-tcp.git',
8 silly cache add   type: 'hosted',
8 silly cache add   hosted:
8 silly cache add    { type: 'github',
8 silly cache add      ssh: 'git@github.com:reecedantin/homebridge-tcp.git',
8 silly cache add      sshUrl: 'git+ssh://git@github.com/reecedantin/homebridge-tcp.git',
8 silly cache add      httpsUrl: 'git+https://github.com/reecedantin/homebridge-tcp.git',
8 silly cache add      gitUrl: 'git://github.com/reecedantin/homebridge-tcp.git',
8 silly cache add      shortcut: 'github:reecedantin/homebridge-tcp',
8 silly cache add      directUrl: 'https://raw.githubusercontent.com/reecedantin/homebridge-tcp/master/package.json' } }
9 verbose addRemoteGit caching https://github.com/reecedantin/homebridge-tcp.git
10 verbose addRemoteGit git+https://github.com/reecedantin/homebridge-tcp.git is a repository hosted by github
11 silly tryClone cloning git+https://github.com/reecedantin/homebridge-tcp.git via git+https://github.com/reecedantin/homebridge-tcp.git
12 verbose tryClone https-github-com-reecedantin-homebridge-tcp-git-36f6607f not in flight; caching
13 info git [ 'clone',
13 info git   '--template=/Users/reecedantin/.npm/_git-remotes/_templates',
13 info git   '--mirror',
13 info git   'https://github.com/reecedantin/homebridge-tcp.git',
13 info git   '/Users/reecedantin/.npm/_git-remotes/https-github-com-reecedantin-homebridge-tcp-git-36f6607f' ]
14 verbose mirrorRemote git+https://github.com/reecedantin/homebridge-tcp.git git clone https://github.com/reecedantin/homebridge-tcp.git
15 verbose setPermissions git+https://github.com/reecedantin/homebridge-tcp.git set permissions on /Users/reecedantin/.npm/_git-remotes/https-github-com-reecedantin-homebridge-tcp-git-36f6607f
16 verbose resolveHead git+https://github.com/reecedantin/homebridge-tcp.git original treeish: master
17 info git [ 'rev-list', '-n1', 'master' ]
18 silly resolveHead git+https://github.com/reecedantin/homebridge-tcp.git resolved treeish: d26cf58c682f36f136f200c63374b08180415bcf
19 verbose resolveHead git+https://github.com/reecedantin/homebridge-tcp.git resolved Git URL: git+https://github.com/reecedantin/homebridge-tcp.git#d26cf58c682f36f136f200c63374b08180415bcf
20 silly resolveHead Git working directory: /var/folders/44/f45k0kz16yj3_sz_znxkvr5w0000gn/T/npm-8719-46bdb1b2/git-cache-ed7b46a3bb4c/d26cf58c682f36f136f200c63374b08180415bcf
21 info git [ 'clone',
21 info git   '/Users/reecedantin/.npm/_git-remotes/https-github-com-reecedantin-homebridge-tcp-git-36f6607f',
21 info git   '/var/folders/44/f45k0kz16yj3_sz_znxkvr5w0000gn/T/npm-8719-46bdb1b2/git-cache-ed7b46a3bb4c/d26cf58c682f36f136f200c63374b08180415bcf' ]
22 verbose cloneResolved git+https://github.com/reecedantin/homebridge-tcp.git clone Cloning into '/var/folders/44/f45k0kz16yj3_sz_znxkvr5w0000gn/T/npm-8719-46bdb1b2/git-cache-ed7b46a3bb4c/d26cf58c682f36f136f200c63374b08180415bcf'...
22 verbose cloneResolved done.
23 info git [ 'checkout', 'd26cf58c682f36f136f200c63374b08180415bcf' ]
24 verbose checkoutTreeish git+https://github.com/reecedantin/homebridge-tcp.git checkout Note: checking out 'd26cf58c682f36f136f200c63374b08180415bcf'.
24 verbose checkoutTreeish
24 verbose checkoutTreeish You are in 'detached HEAD' state. You can look around, make experimental
24 verbose checkoutTreeish changes and commit them, and you can discard any commits you make in this
24 verbose checkoutTreeish state without impacting any branches by performing another checkout.
24 verbose checkoutTreeish
24 verbose checkoutTreeish If you want to create a new branch to retain commits you create, you may
24 verbose checkoutTreeish do so (now or later) by using -b with the checkout command again. Example:
24 verbose checkoutTreeish
24 verbose checkoutTreeish   git checkout -b <new-branch-name>
24 verbose checkoutTreeish
24 verbose checkoutTreeish HEAD is now at d26cf58... Working now
25 verbose addLocalDirectory /Users/reecedantin/.npm/homebridge-tcp/0.0.1/package.tgz not in flight; packing
26 verbose tar pack [ '/Users/reecedantin/.npm/homebridge-tcp/0.0.1/package.tgz',
26 verbose tar pack   '/var/folders/44/f45k0kz16yj3_sz_znxkvr5w0000gn/T/npm-8719-46bdb1b2/git-cache-ed7b46a3bb4c/d26cf58c682f36f136f200c63374b08180415bcf' ]
27 verbose tarball /Users/reecedantin/.npm/homebridge-tcp/0.0.1/package.tgz
28 verbose folder /var/folders/44/f45k0kz16yj3_sz_znxkvr5w0000gn/T/npm-8719-46bdb1b2/git-cache-ed7b46a3bb4c/d26cf58c682f36f136f200c63374b08180415bcf
29 verbose addLocalTarball adding from inside cache /Users/reecedantin/.npm/homebridge-tcp/0.0.1/package.tgz
30 verbose addRemoteGit data._from: git+https://github.com/reecedantin/homebridge-tcp.git
31 verbose addRemoteGit data._resolved: git+https://github.com/reecedantin/homebridge-tcp.git#d26cf58c682f36f136f200c63374b08180415bcf
32 silly cache afterAdd homebridge-tcp@0.0.1
33 verbose afterAdd /Users/reecedantin/.npm/homebridge-tcp/0.0.1/package/package.json not in flight; writing
34 verbose afterAdd /Users/reecedantin/.npm/homebridge-tcp/0.0.1/package/package.json written
35 silly install resolved [ { name: 'homebridge-tcp',
35 silly install resolved     version: '0.0.1',
35 silly install resolved     description: 'tcp plugin for Homebridge: https://github.com/nfarina/homebridge',
35 silly install resolved     license: 'ISC',
35 silly install resolved     keywords: [ 'homebridge-plugin' ],
35 silly install resolved     engines: { node: '>=0.12.0', homebridge: '>=0.2.0' },
35 silly install resolved     author: { name: 'Reece Dantin' },
35 silly install resolved     repository:
35 silly install resolved      { type: 'git',
35 silly install resolved        url: 'git://github.com/reecedantin/homebridge-tcp.git' },
35 silly install resolved     dependencies: {},
35 silly install resolved     gitHead: 'd26cf58c682f36f136f200c63374b08180415bcf',
35 silly install resolved     readme: '# homebridge-tcp\n',
35 silly install resolved     readmeFilename: 'README.md',
35 silly install resolved     bugs: { url: 'https://github.com/reecedantin/homebridge-tcp/issues' },
35 silly install resolved     homepage: 'https://github.com/reecedantin/homebridge-tcp#readme',
35 silly install resolved     _id: 'homebridge-tcp@0.0.1',
35 silly install resolved     _shasum: 'cc55869a395d7d7c8573b67e95b9ce0c9363e303',
35 silly install resolved     _from: 'git+https://github.com/reecedantin/homebridge-tcp.git',
35 silly install resolved     _resolved: 'git+https://github.com/reecedantin/homebridge-tcp.git#d26cf58c682f36f136f200c63374b08180415bcf' } ]
36 info install homebridge-tcp@0.0.1 into /usr/local/lib
37 info installOne homebridge-tcp@0.0.1
38 verbose installOne of homebridge-tcp to /usr/local/lib not in flight; installing
39 verbose lock using /Users/reecedantin/.npm/_locks/homebridge-tcp-b623b523aa4b5ec9.lock for /usr/local/lib/node_modules/homebridge-tcp
40 silly install write writing homebridge-tcp 0.0.1 to /usr/local/lib/node_modules/homebridge-tcp
41 verbose unbuild lib/node_modules/homebridge-tcp
42 info preuninstall homebridge-tcp@0.0.1
43 info uninstall homebridge-tcp@0.0.1
44 verbose unbuild rmStuff homebridge-tcp@0.0.1 from /usr/local/lib/node_modules
45 info postuninstall homebridge-tcp@0.0.1
46 silly gentlyRm /usr/local/lib/node_modules/homebridge-tcp is being purged from base /usr/local
47 verbose gentlyRm don't care about contents; nuking /usr/local/lib/node_modules/homebridge-tcp
48 silly vacuum-fs purging /usr/local/lib/node_modules/homebridge-tcp
49 verbose unlock done using /Users/reecedantin/.npm/_locks/homebridge-tcp-b623b523aa4b5ec9.lock for /usr/local/lib/node_modules/homebridge-tcp
50 verbose stack Error: EACCES: permission denied, rmdir '/usr/local/lib/node_modules/homebridge-tcp'
50 verbose stack     at Error (native)
51 verbose cwd /Users/reecedantin/Documents/dev/homebridge-tcp
52 error Darwin 15.2.0
53 error argv "/usr/local/bin/node" "/usr/local/bin/npm" "install" "-g" "https://github.com/reecedantin/homebridge-tcp.git"
54 error node v4.2.1
55 error npm  v2.14.7
56 error path /usr/local/lib/node_modules/homebridge-tcp
57 error code EACCES
58 error errno -13
59 error syscall rmdir
60 error Error: EACCES: permission denied, rmdir '/usr/local/lib/node_modules/homebridge-tcp'
60 error     at Error (native)
60 error  { [Error: EACCES: permission denied, rmdir '/usr/local/lib/node_modules/homebridge-tcp']
60 error   errno: -13,
60 error   code: 'EACCES',
60 error   syscall: 'rmdir',
60 error   path: '/usr/local/lib/node_modules/homebridge-tcp' }
61 error Please try running this command again as root/Administrator.
62 verbose exit [ -13, true ]
63 verbose unbuild lib/node_modules/homebridge-tcp
64 info preuninstall homebridge-tcp@0.0.1
65 info uninstall homebridge-tcp@0.0.1
66 verbose unbuild rmStuff homebridge-tcp@0.0.1 from /usr/local/lib/node_modules
67 info postuninstall homebridge-tcp@0.0.1
68 silly gentlyRm /usr/local/lib/node_modules/homebridge-tcp is being purged from base /usr/local
69 verbose gentlyRm don't care about contents; nuking /usr/local/lib/node_modules/homebridge-tcp
70 silly vacuum-fs purging /usr/local/lib/node_modules/homebridge-tcp
71 error error rolling back Error: EACCES: permission denied, rmdir '/usr/local/lib/node_modules/homebridge-tcp'
71 error error rolling back     at Error (native)
71 error error rolling back  { [Error: EACCES: permission denied, rmdir '/usr/local/lib/node_modules/homebridge-tcp']
71 error error rolling back   errno: -13,
71 error error rolling back   code: 'EACCES',
71 error error rolling back   syscall: 'rmdir',
71 error error rolling back   path: '/usr/local/lib/node_modules/homebridge-tcp' }
